TN:
SF:contracts/EddyGatewayCrossChain.sol
DA:77,0
FN:77,EddyGatewayCrossChain.onlyGateway
FNDA:0,EddyGatewayCrossChain.onlyGateway
DA:78,0
BRDA:78,0,0,-
DA:83,0
FN:83,EddyGatewayCrossChain.constructor
FNDA:0,EddyGatewayCrossChain.constructor
DA:84,0
DA:91,0
FN:91,EddyGatewayCrossChain.updateSlippage
FNDA:0,EddyGatewayCrossChain.updateSlippage
DA:92,0
DA:95,0
FN:95,EddyGatewayCrossChain.updateIndexForToken
FNDA:0,EddyGatewayCrossChain.updateIndexForToken
DA:96,0
DA:104,0
FN:104,EddyGatewayCrossChain.setFeePercent
FNDA:0,EddyGatewayCrossChain.setFeePercent
DA:105,0
DA:113,0
FN:113,EddyGatewayCrossChain.setMerkleRoot
FNDA:0,EddyGatewayCrossChain.setMerkleRoot
DA:114,0
DA:121,0
FN:121,EddyGatewayCrossChain.setCustomFee
FNDA:0,EddyGatewayCrossChain.setCustomFee
DA:122,0
DA:130,0
FN:130,EddyGatewayCrossChain.setGasLimit
FNDA:0,EddyGatewayCrossChain.setGasLimit
DA:131,0
DA:139,0
FN:139,EddyGatewayCrossChain.updateFeeTierToToken
FNDA:0,EddyGatewayCrossChain.updateFeeTierToToken
DA:140,0
DA:149,0
FN:149,EddyGatewayCrossChain.initialize
FNDA:0,EddyGatewayCrossChain.initialize
DA:155,0
DA:156,0
DA:157,0
DA:158,0
DA:159,0
DA:160,0
DA:172,0
FN:172,EddyGatewayCrossChain._authorizeUpgrade
FNDA:0,EddyGatewayCrossChain._authorizeUpgrade
DA:179,0
FN:179,EddyGatewayCrossChain.addChainToContract
FNDA:0,EddyGatewayCrossChain.addChainToContract
DA:180,0
DA:189,0
FN:189,EddyGatewayCrossChain.addChainToIntermediateToken
FNDA:0,EddyGatewayCrossChain.addChainToIntermediateToken
DA:190,0
DA:198,0
FN:198,EddyGatewayCrossChain.addSolanaTokenToZrc20
FNDA:0,EddyGatewayCrossChain.addSolanaTokenToZrc20
DA:199,0
DA:208,0
FN:208,EddyGatewayCrossChain.bytesToSolana
FNDA:0,EddyGatewayCrossChain.bytesToSolana
DA:212,0
DA:213,0
DA:214,0
DA:216,0
DA:226,0
FN:226,EddyGatewayCrossChain.withdraw
FNDA:0,EddyGatewayCrossChain.withdraw
DA:232,0
DA:257,0
FN:257,EddyGatewayCrossChain._swapAndSendERC20TokensUniV2
FNDA:0,EddyGatewayCrossChain._swapAndSendERC20TokensUniV2
DA:267,0
DA:273,0
DA:276,0
DA:277,0
BRDA:277,1,0,-
BRDA:277,1,1,-
DA:281,0
DA:290,0
BRDA:290,2,0,-
BRDA:290,2,1,-
DA:292,0
BRDA:292,3,0,-
BRDA:292,3,1,-
DA:295,0
BRDA:295,4,0,-
DA:296,0
DA:299,0
BRDA:299,5,0,-
DA:300,0
DA:303,0
DA:305,0
DA:319,0
FN:319,EddyGatewayCrossChain._swapAndSendERC20UniV3
FNDA:0,EddyGatewayCrossChain._swapAndSendERC20UniV3
DA:327,0
DA:328,0
DA:329,0
DA:330,0
BRDA:330,6,0,-
BRDA:330,6,1,-
DA:332,0
DA:335,0
DA:338,0
DA:339,0
DA:341,0
DA:342,0
BRDA:342,7,0,-
BRDA:342,7,1,-
DA:345,0
DA:354,0
DA:356,0
BRDA:356,8,0,-
BRDA:356,8,1,-
DA:359,0
BRDA:359,9,0,-
DA:360,0
DA:363,0
BRDA:363,10,0,-
DA:364,0
DA:368,0
DA:369,0
DA:384,0
FN:384,EddyGatewayCrossChain._swapAndSendERC20Tokens
FNDA:0,EddyGatewayCrossChain._swapAndSendERC20Tokens
DA:393,0
BRDA:393,11,0,-
BRDA:393,11,1,-
DA:394,0
DA:403,0
DA:418,0
FN:418,EddyGatewayCrossChain.sortTokens
FNDA:0,EddyGatewayCrossChain.sortTokens
DA:422,0
BRDA:422,12,0,-
DA:423,0
DA:426,0
BRDA:426,13,0,-
DA:429,0
FN:429,EddyGatewayCrossChain.uniswapv2PairFor
FNDA:0,EddyGatewayCrossChain.uniswapv2PairFor
DA:434,0
DA:435,0
DA:451,0
FN:451,EddyGatewayCrossChain._existsPairPool
FNDA:0,EddyGatewayCrossChain._existsPairPool
DA:456,0
DA:461,0
DA:462,0
DA:463,0
DA:466,0
FN:466,EddyGatewayCrossChain.getPathForTokens
FNDA:0,EddyGatewayCrossChain.getPathForTokens
DA:470,0
DA:476,0
BRDA:476,14,0,-
BRDA:476,14,1,-
DA:477,0
DA:478,0
DA:479,0
DA:481,0
DA:482,0
DA:483,0
DA:484,0
DA:496,0
FN:496,EddyGatewayCrossChain._swap
FNDA:0,EddyGatewayCrossChain._swap
DA:503,0
BRDA:503,15,0,-
BRDA:503,15,1,-
DA:504,0
DA:505,0
DA:506,0
BRDA:506,16,0,-
BRDA:506,16,1,-
DA:507,0
DA:508,0
DA:509,0
BRDA:509,17,0,-
BRDA:509,17,1,-
DA:510,0
DA:521,0
DA:543,0
FN:543,EddyGatewayCrossChain.withdrawAndCall
FNDA:0,EddyGatewayCrossChain.withdrawAndCall
DA:551,0
DA:562,0
FN:562,EddyGatewayCrossChain.getSelector
FNDA:0,EddyGatewayCrossChain.getSelector
DA:563,0
DA:567,0
FN:567,EddyGatewayCrossChain.handleEvmWithdraw
FNDA:0,EddyGatewayCrossChain.handleEvmWithdraw
DA:577,0
BRDA:577,18,0,-
BRDA:577,18,1,-
DA:579,0
BRDA:579,19,0,-
BRDA:579,19,1,-
DA:582,0
BRDA:582,20,0,-
DA:583,0
DA:587,0
DA:589,0
DA:608,0
FN:608,EddyGatewayCrossChain.decodeMessage
FNDA:0,EddyGatewayCrossChain.decodeMessage
DA:610,0
BRDA:610,21,0,-
BRDA:610,21,1,-
DA:613,0
DA:615,0
DA:617,0
DA:618,0
DA:619,0
BRDA:619,22,0,-
BRDA:619,22,1,-
DA:620,0
BRDA:620,23,0,-
BRDA:620,23,1,-
DA:621,0
DA:622,0
DA:623,0
BRDA:623,24,0,-
BRDA:623,24,1,-
DA:624,0
BRDA:624,25,0,-
BRDA:624,25,1,-
DA:625,0
DA:626,0
DA:628,0
DA:629,0
DA:633,0
DA:634,0
DA:635,0
DA:636,0
DA:640,0
BRDA:640,26,0,-
BRDA:640,26,1,-
DA:641,0
DA:642,0
DA:643,0
DA:645,0
BRDA:645,27,0,-
BRDA:645,27,1,-
DA:646,0
DA:647,0
BRDA:647,28,0,-
BRDA:647,28,1,-
DA:648,0
DA:650,0
DA:654,0
BRDA:654,29,0,-
BRDA:654,29,1,-
DA:656,0
DA:658,0
DA:662,0
DA:664,0
DA:665,0
DA:669,0
DA:672,0
DA:674,0
DA:676,0
DA:677,0
DA:682,0
DA:686,0
DA:697,0
FN:697,EddyGatewayCrossChain.decodeMessageBitcoin
FNDA:0,EddyGatewayCrossChain.decodeMessageBitcoin
DA:700,0
BRDA:700,30,0,-
BRDA:700,30,1,-
DA:706,0
DA:707,0
DA:708,0
BRDA:708,31,0,-
BRDA:708,31,1,-
DA:709,0
DA:710,0
DA:712,0
DA:714,0
DA:715,0
DA:716,0
BRDA:716,32,0,-
BRDA:716,32,1,-
DA:717,0
DA:727,0
DA:742,0
FN:742,EddyGatewayCrossChain._handleBTCCase
FNDA:0,EddyGatewayCrossChain._handleBTCCase
DA:752,0
DA:753,0
DA:754,0
DA:755,0
DA:756,0
BRDA:756,33,0,-
DA:758,0
BRDA:758,34,0,-
DA:759,0
DA:762,0
DA:763,0
DA:766,0
FN:766,EddyGatewayCrossChain._handleSolanaCase
FNDA:0,EddyGatewayCrossChain._handleSolanaCase
DA:776,0
DA:777,0
DA:778,0
DA:779,0
DA:780,0
BRDA:780,35,0,-
BRDA:780,35,1,-
DA:781,0
BRDA:781,36,0,-
DA:782,0
BRDA:782,37,0,-
DA:783,0
DA:785,0
DA:786,0
DA:788,0
DA:798,0
DA:803,0
FN:803,EddyGatewayCrossChain._handleBTCToSolanaCase
FNDA:0,EddyGatewayCrossChain._handleBTCToSolanaCase
DA:812,0
DA:813,0
DA:814,0
DA:815,0
DA:817,0
BRDA:817,38,0,-
BRDA:817,38,1,-
DA:818,0
BRDA:818,39,0,-
DA:819,0
BRDA:819,40,0,-
DA:820,0
DA:823,0
DA:824,0
DA:826,0
DA:836,0
DA:840,0
FN:840,EddyGatewayCrossChain._handleBTCEvent
FNDA:0,EddyGatewayCrossChain._handleBTCEvent
DA:848,0
DA:857,0
FN:857,EddyGatewayCrossChain.getMinimumAmountUniv2
FNDA:0,EddyGatewayCrossChain.getMinimumAmountUniv2
DA:862,0
DA:868,0
DA:879,0
FN:879,EddyGatewayCrossChain.calculateAmountOutMin
FNDA:0,EddyGatewayCrossChain.calculateAmountOutMin
DA:885,0
BRDA:885,41,0,-
BRDA:885,41,1,-
DA:886,0
DA:888,0
DA:899,0
FN:899,EddyGatewayCrossChain.getMinimumAmountUniv3
FNDA:0,EddyGatewayCrossChain.getMinimumAmountUniv3
DA:904,0
DA:905,0
BRDA:905,42,0,-
BRDA:905,42,1,-
DA:906,0
DA:907,0
BRDA:907,43,0,-
BRDA:907,43,1,-
DA:908,0
DA:910,0
DA:913,0
DA:915,0
DA:918,0
FN:918,EddyGatewayCrossChain.handleFeeTransfer
FNDA:0,EddyGatewayCrossChain.handleFeeTransfer
DA:919,0
BRDA:919,44,0,-
BRDA:919,44,1,-
DA:920,0
DA:921,0
DA:923,0
DA:924,0
DA:925,0
DA:926,0
DA:927,0
DA:932,0
FN:932,EddyGatewayCrossChain.getEvmAddress
FNDA:0,EddyGatewayCrossChain.getEvmAddress
DA:933,0
BRDA:933,45,0,-
BRDA:933,45,1,-
DA:934,0
DA:936,0
DA:941,0
FN:941,EddyGatewayCrossChain.onCall
FNDA:0,EddyGatewayCrossChain.onCall
DA:947,0
DA:949,0
DA:950,0
DA:951,0
BRDA:951,46,0,-
DA:952,0
DA:955,0
DA:957,0
DA:958,0
DA:959,0
DA:960,0
BRDA:960,47,0,-
BRDA:960,47,1,-
DA:961,0
DA:970,0
BRDA:970,48,0,-
BRDA:970,48,1,-
DA:971,0
DA:981,0
BRDA:981,49,0,-
BRDA:981,49,1,-
DA:982,0
DA:995,0
DA:1003,0
BRDA:1003,50,0,-
BRDA:1003,50,1,-
DA:1006,0
DA:1007,0
DA:1008,0
DA:1009,0
DA:1010,0
DA:1011,0
DA:1012,0
DA:1014,0
DA:1023,0
DA:1025,0
BRDA:1025,51,0,-
BRDA:1025,51,1,-
DA:1026,0
BRDA:1026,52,0,-
DA:1027,0
BRDA:1027,53,0,-
DA:1028,0
BRDA:1028,54,0,-
DA:1029,0
DA:1031,0
DA:1038,0
DA:1047,0
BRDA:1047,55,0,-
DA:1048,0
BRDA:1048,56,0,-
DA:1049,0
DA:1059,0
DA:1065,0
FN:1065,EddyGatewayCrossChain.bytesToBech32Bytes
FNDA:0,EddyGatewayCrossChain.bytesToBech32Bytes
DA:1069,0
DA:1070,0
DA:1071,0
DA:1074,0
DA:1080,0
FN:1080,EddyGatewayCrossChain.withdrawToken
FNDA:0,EddyGatewayCrossChain.withdrawToken
DA:1081,0
DA:1082,0
DA:1085,0
FN:1085,EddyGatewayCrossChain.onRevert
FNDA:0,EddyGatewayCrossChain.onRevert
DA:1086,0
DA:1087,0
DA:1088,0
DA:1094,0
DA:1097,0
DA:1105,0
BRDA:1105,57,0,-
BRDA:1105,57,1,-
DA:1107,0
BRDA:1107,58,0,-
DA:1108,0
DA:1111,0
DA:1125,0
FNF:42
FNH:0
LF:299
LH:0
BRF:97
BRH:0
end_of_record
TN:
SF:contracts/EddyGatewayTransferNative.sol
DA:90,0
FN:90,EddyGatewayTransferNative.onlyGateway
FNDA:0,EddyGatewayTransferNative.onlyGateway
DA:91,0
BRDA:91,0,0,-
DA:106,0
FN:106,EddyGatewayTransferNative.constructor
FNDA:0,EddyGatewayTransferNative.constructor
DA:107,0
DA:116,0
FN:116,EddyGatewayTransferNative.initialize
FNDA:0,EddyGatewayTransferNative.initialize
DA:122,0
DA:123,0
DA:124,0
DA:125,0
DA:126,0
DA:127,0
DA:135,0
FN:135,EddyGatewayTransferNative._getRecipient
FNDA:0,EddyGatewayTransferNative._getRecipient
DA:136,0
DA:137,0
DA:140,0
FN:140,EddyGatewayTransferNative.updateIndexForToken
FNDA:0,EddyGatewayTransferNative.updateIndexForToken
DA:141,0
DA:145,0
FN:145,EddyGatewayTransferNative.setOwner
FNDA:0,EddyGatewayTransferNative.setOwner
DA:146,0
DA:154,0
FN:154,EddyGatewayTransferNative.bytesToBech32Bytes
FNDA:0,EddyGatewayTransferNative.bytesToBech32Bytes
DA:158,0
DA:159,0
DA:160,0
DA:163,0
DA:171,0
FN:171,EddyGatewayTransferNative.updateSlippage
FNDA:0,EddyGatewayTransferNative.updateSlippage
DA:172,0
DA:180,0
FN:180,EddyGatewayTransferNative.setFeePercent
FNDA:0,EddyGatewayTransferNative.setFeePercent
DA:181,0
DA:189,0
FN:189,EddyGatewayTransferNative.setMerkleRoot
FNDA:0,EddyGatewayTransferNative.setMerkleRoot
DA:190,0
DA:198,0
FN:198,EddyGatewayTransferNative.setCustomFee
FNDA:0,EddyGatewayTransferNative.setCustomFee
DA:199,0
DA:208,0
FN:208,EddyGatewayTransferNative.setGasLimit
FNDA:0,EddyGatewayTransferNative.setGasLimit
DA:209,0
DA:221,0
FN:221,EddyGatewayTransferNative.withdraw
FNDA:0,EddyGatewayTransferNative.withdraw
DA:227,0
DA:249,0
FN:249,EddyGatewayTransferNative.withdrawBitcoin
FNDA:0,EddyGatewayTransferNative.withdrawBitcoin
DA:255,0
DA:280,0
FN:280,EddyGatewayTransferNative.withdrawAndCall
FNDA:0,EddyGatewayTransferNative.withdrawAndCall
DA:288,0
DA:305,0
FN:305,EddyGatewayTransferNative.sortTokens
FNDA:0,EddyGatewayTransferNative.sortTokens
DA:309,0
BRDA:309,1,0,-
DA:310,0
DA:313,0
BRDA:313,2,0,-
DA:323,0
FN:323,EddyGatewayTransferNative.uniswapv2PairFor
FNDA:0,EddyGatewayTransferNative.uniswapv2PairFor
DA:328,0
DA:329,0
DA:351,0
FN:351,EddyGatewayTransferNative.getPathForTokens
FNDA:0,EddyGatewayTransferNative.getPathForTokens
DA:355,0
DA:361,0
BRDA:361,3,0,-
BRDA:361,3,1,-
DA:362,0
DA:363,0
DA:364,0
DA:366,0
DA:367,0
DA:368,0
DA:369,0
DA:379,0
FN:379,EddyGatewayTransferNative._existsPairPool
FNDA:0,EddyGatewayTransferNative._existsPairPool
DA:384,0
DA:389,0
DA:390,0
DA:391,0
DA:401,0
FN:401,EddyGatewayTransferNative._calculateAmountInMax
FNDA:0,EddyGatewayTransferNative._calculateAmountInMax
DA:406,0
DA:411,0
DA:424,0
FN:424,EddyGatewayTransferNative._swapAndSendERC20Tokens
FNDA:0,EddyGatewayTransferNative._swapAndSendERC20Tokens
DA:434,0
DA:440,0
DA:443,0
DA:444,0
BRDA:444,4,0,-
BRDA:444,4,1,-
DA:448,0
DA:457,0
BRDA:457,5,0,-
BRDA:457,5,1,-
DA:459,0
BRDA:459,6,0,-
BRDA:459,6,1,-
DA:462,0
BRDA:462,7,0,-
DA:463,0
DA:466,0
BRDA:466,8,0,-
DA:467,0
DA:471,0
DA:473,0
DA:484,0
FN:484,EddyGatewayTransferNative._swap
FNDA:0,EddyGatewayTransferNative._swap
DA:490,0
BRDA:490,9,0,-
BRDA:490,9,1,-
DA:491,0
DA:492,0
DA:493,0
BRDA:493,10,0,-
BRDA:493,10,1,-
DA:494,0
DA:495,0
DA:497,0
DA:521,0
FN:521,EddyGatewayTransferNative.handleFeeTransfer
FNDA:0,EddyGatewayTransferNative.handleFeeTransfer
DA:522,0
DA:523,0
DA:524,0
DA:525,0
DA:526,0
BRDA:526,11,0,-
BRDA:526,11,1,-
DA:527,0
DA:528,0
BRDA:528,12,0,-
BRDA:528,12,1,-
DA:530,0
DA:535,0
FN:535,EddyGatewayTransferNative.decodeMessage
FNDA:0,EddyGatewayTransferNative.decodeMessage
DA:537,0
BRDA:537,13,0,-
BRDA:537,13,1,-
DA:540,0
DA:541,0
DA:545,0
DA:546,0
DA:549,0
BRDA:549,14,0,-
DA:550,0
DA:551,0
DA:554,0
DA:571,0
FN:571,EddyGatewayTransferNative.transferZetaToConnectedChain
FNDA:0,EddyGatewayTransferNative.transferZetaToConnectedChain
DA:578,0
DA:580,0
DA:582,0
DA:584,0
DA:586,0
DA:594,0
DA:596,0
BRDA:596,15,0,-
BRDA:596,15,1,-
DA:597,0
DA:598,0
BRDA:598,16,0,-
DA:600,0
BRDA:600,17,0,-
DA:601,0
DA:604,0
DA:611,0
DA:619,0
BRDA:619,18,0,-
BRDA:619,18,1,-
DA:623,0
DA:625,0
DA:626,0
DA:627,0
DA:628,0
DA:629,0
DA:630,0
DA:632,0
DA:641,0
DA:650,0
BRDA:650,19,0,-
BRDA:650,19,1,-
DA:652,0
BRDA:652,20,0,-
DA:654,0
BRDA:654,21,0,-
DA:656,0
BRDA:656,22,0,-
DA:657,0
DA:660,0
DA:667,0
DA:683,0
BRDA:683,23,0,-
DA:685,0
BRDA:685,24,0,-
DA:687,0
DA:696,0
DA:720,0
FN:720,EddyGatewayTransferNative.handleEvmWithdraw
FNDA:0,EddyGatewayTransferNative.handleEvmWithdraw
DA:729,0
BRDA:729,25,0,-
BRDA:729,25,1,-
DA:731,0
BRDA:731,26,0,-
BRDA:731,26,1,-
DA:733,0
BRDA:733,27,0,-
DA:734,0
DA:737,0
DA:740,0
DA:742,0
DA:769,0
FN:769,EddyGatewayTransferNative.withdrawToNativeChain
FNDA:0,EddyGatewayTransferNative.withdrawToNativeChain
DA:776,0
DA:777,0
DA:778,0
DA:779,0
DA:780,0
DA:781,0
DA:782,0
DA:783,0
DA:785,0
DA:786,0
BRDA:786,28,0,-
BRDA:786,28,1,-
DA:787,0
BRDA:787,29,0,-
BRDA:787,29,1,-
DA:788,0
DA:790,0
DA:791,0
BRDA:791,30,0,-
BRDA:791,30,1,-
DA:792,0
DA:798,0
BRDA:798,31,0,-
BRDA:798,31,1,-
DA:799,0
DA:800,0
DA:801,0
BRDA:801,32,0,-
DA:802,0
BRDA:802,33,0,-
DA:803,0
DA:805,0
DA:806,0
DA:807,0
BRDA:807,34,0,-
BRDA:807,34,1,-
DA:808,0
DA:816,0
DA:817,0
BRDA:817,35,0,-
BRDA:817,35,1,-
DA:818,0
BRDA:818,36,0,-
DA:820,0
BRDA:820,37,0,-
DA:822,0
BRDA:822,38,0,-
DA:823,0
DA:826,0
DA:833,0
DA:835,0
BRDA:835,39,0,-
DA:837,0
BRDA:837,40,0,-
DA:840,0
DA:848,0
DA:851,0
BRDA:851,41,0,-
BRDA:851,41,1,-
DA:852,0
DA:853,0
DA:854,0
BRDA:854,42,0,-
DA:855,0
BRDA:855,43,0,-
DA:856,0
DA:858,0
DA:859,0
DA:860,0
BRDA:860,44,0,-
BRDA:860,44,1,-
DA:861,0
DA:869,0
DA:871,0
BRDA:871,45,0,-
DA:873,0
BRDA:873,46,0,-
DA:875,0
BRDA:875,47,0,-
DA:876,0
DA:879,0
DA:885,0
DA:891,0
FN:891,EddyGatewayTransferNative._authorizeUpgrade
FNDA:0,EddyGatewayTransferNative._authorizeUpgrade
DA:900,0
FN:900,EddyGatewayTransferNative.decodeMerkleMessage
FNDA:0,EddyGatewayTransferNative.decodeMerkleMessage
DA:905,0
BRDA:905,48,0,-
BRDA:905,48,1,-
DA:908,0
DA:911,0
DA:914,0
DA:916,0
BRDA:916,49,0,-
DA:917,0
DA:918,0
DA:922,0
DA:924,0
DA:928,0
DA:930,0
DA:931,0
DA:935,0
DA:938,0
DA:940,0
DA:942,0
DA:943,0
DA:947,0
DA:958,0
FN:958,EddyGatewayTransferNative.onCall
FNDA:0,EddyGatewayTransferNative.onCall
DA:965,0
DA:970,0
DA:972,0
BRDA:972,50,0,-
BRDA:972,50,1,-
DA:974,0
DA:976,0
DA:977,0
DA:982,0
DA:985,0
DA:992,0
BRDA:992,51,0,-
BRDA:992,51,1,-
DA:994,0
DA:996,0
DA:998,0
DA:1002,0
DA:1011,0
FN:1011,EddyGatewayTransferNative.onRevert
FNDA:0,EddyGatewayTransferNative.onRevert
DA:1012,0
DA:1013,0
DA:1019,0
DA:1021,0
DA:1028,0
FNF:31
FNH:0
LF:243
LH:0
BRF:77
BRH:0
end_of_record
TN:
SF:contracts/GatewayCrossChain.sol
DA:92,1
FN:92,GatewayCrossChain.onlyGateway
FNDA:1,GatewayCrossChain.onlyGateway
DA:93,1
BRDA:93,0,0,-
DA:98,45
FN:98,GatewayCrossChain.constructor
FNDA:45,GatewayCrossChain.constructor
DA:99,0
DA:102,4
FN:102,GatewayCrossChain._authorizeUpgrade
FNDA:4,GatewayCrossChain._authorizeUpgrade
DA:111,41
FN:111,GatewayCrossChain.initialize
FNDA:41,GatewayCrossChain.initialize
DA:120,41
DA:121,0
DA:122,41
DA:123,41
DA:124,41
DA:125,41
DA:126,41
DA:127,41
DA:128,41
DA:131,1
FN:131,GatewayCrossChain.setOwner
FNDA:1,GatewayCrossChain.setOwner
DA:132,1
DA:135,1
FN:135,GatewayCrossChain.setDODORouteProxy
FNDA:1,GatewayCrossChain.setDODORouteProxy
DA:136,1
DA:137,1
DA:140,1
FN:140,GatewayCrossChain.setDODOApprove
FNDA:1,GatewayCrossChain.setDODOApprove
DA:141,1
DA:142,1
DA:145,1
FN:145,GatewayCrossChain.setFeePercent
FNDA:1,GatewayCrossChain.setFeePercent
DA:146,1
DA:147,1
DA:150,1
FN:150,GatewayCrossChain.setGateway
FNDA:1,GatewayCrossChain.setGateway
DA:151,1
DA:152,1
DA:155,1
FN:155,GatewayCrossChain.setEddyTreasurySafe
FNDA:1,GatewayCrossChain.setEddyTreasurySafe
DA:156,1
DA:157,1
DA:163,8
FN:163,GatewayCrossChain.sortTokens
FNDA:8,GatewayCrossChain.sortTokens
DA:167,8
BRDA:167,1,0,-
DA:168,8
DA:171,8
BRDA:171,2,0,-
DA:174,8
FN:174,GatewayCrossChain.uniswapv2PairFor
FNDA:8,GatewayCrossChain.uniswapv2PairFor
DA:179,8
DA:180,8
DA:196,8
FN:196,GatewayCrossChain._existsPairPool
FNDA:8,GatewayCrossChain._existsPairPool
DA:201,8
DA:206,8
DA:207,8
DA:208,8
DA:211,8
FN:211,GatewayCrossChain.getPathForTokens
FNDA:8,GatewayCrossChain.getPathForTokens
DA:215,8
DA:221,8
BRDA:221,3,0,8
BRDA:221,3,1,-
DA:222,8
DA:223,8
DA:224,8
DA:226,0
DA:227,0
DA:228,0
DA:229,0
DA:233,4
FN:233,GatewayCrossChain.withdrawAndCall
FNDA:4,GatewayCrossChain.withdrawAndCall
DA:241,4
DA:242,4
DA:267,4
FN:267,GatewayCrossChain.withdraw
FNDA:4,GatewayCrossChain.withdraw
DA:273,4
DA:306,11
FN:306,GatewayCrossChain.decodeMessage
FNDA:11,GatewayCrossChain.decodeMessage
DA:307,11
DA:308,11
DA:309,11
DA:310,11
DA:311,11
DA:312,11
DA:315,0
DA:316,0
DA:317,0
DA:318,0
DA:319,0
DA:320,0
DA:323,11
DA:324,11
DA:325,11
DA:326,11
DA:327,11
DA:328,11
DA:329,11
DA:330,11
DA:332,11
DA:342,11
FN:342,GatewayCrossChain._handleFeeTransfer
FNDA:11,GatewayCrossChain._handleFeeTransfer
DA:343,11
DA:344,11
DA:347,4
FN:347,GatewayCrossChain._swapAndSendERC20Tokens
FNDA:4,GatewayCrossChain._swapAndSendERC20Tokens
DA:358,4
DA:364,4
DA:365,4
DA:368,4
DA:377,4
BRDA:377,4,0,4
BRDA:377,4,1,-
DA:378,4
BRDA:378,5,0,-
BRDA:378,5,1,-
DA:380,4
DA:381,4
DA:383,4
BRDA:383,6,0,1
BRDA:383,6,1,3
DA:384,1
DA:391,3
DA:401,4
DA:404,2
FN:404,GatewayCrossChain._handleBTCCase
FNDA:2,GatewayCrossChain._handleBTCCase
DA:412,2
DA:414,2
DA:415,2
DA:416,2
BRDA:416,7,0,1
DA:417,1
DA:419,1
DA:421,1
DA:422,1
BRDA:422,8,0,-
DA:423,1
DA:424,1
DA:431,1
DA:443,4
FN:443,GatewayCrossChain._handleSolanaCase
FNDA:4,GatewayCrossChain._handleSolanaCase
DA:451,4
DA:454,4
DA:455,4
DA:456,4
BRDA:456,9,0,2
DA:457,2
DA:459,2
DA:460,2
DA:462,2
DA:463,2
BRDA:463,10,0,1
BRDA:463,10,1,-
DA:464,1
BRDA:464,11,0,-
DA:465,1
DA:466,1
DA:468,1
BRDA:468,12,0,1
BRDA:468,12,1,-
DA:469,1
DA:476,0
DA:487,1
DA:499,1
DA:511,11
FN:511,GatewayCrossChain.onCall
FNDA:11,GatewayCrossChain.onCall
DA:519,11
DA:520,11
DA:521,11
DA:524,11
DA:529,11
DA:530,11
DA:532,11
DA:536,11
BRDA:536,13,0,2
BRDA:536,13,1,-
DA:538,2
DA:546,9
BRDA:546,14,0,4
BRDA:546,14,1,-
DA:548,4
DA:559,5
DA:560,5
DA:561,5
BRDA:561,15,0,-
DA:562,0
DA:564,5
DA:565,5
BRDA:565,16,0,2
BRDA:565,16,1,-
DA:566,2
BRDA:566,17,0,-
DA:567,2
DA:569,2
BRDA:569,18,0,1
BRDA:569,18,1,1
DA:571,1
DA:579,1
DA:588,2
DA:599,3
DA:609,3
DA:628,1
FN:628,GatewayCrossChain.onRevert
FNDA:1,GatewayCrossChain.onRevert
DA:629,1
DA:630,1
DA:631,1
DA:633,1
DA:641,1
FN:641,GatewayCrossChain.onAbort
FNDA:1,GatewayCrossChain.onAbort
DA:642,1
DA:643,1
DA:645,1
DA:652,1
DA:654,1
DA:662,4
FN:662,GatewayCrossChain.claimRefund
FNDA:4,GatewayCrossChain.claimRefund
DA:663,4
DA:664,4
BRDA:664,19,0,-
BRDA:664,19,1,-
DA:665,2
BRDA:665,20,0,-
BRDA:665,20,1,-
DA:666,2
BRDA:666,21,0,-
BRDA:666,21,1,-
DA:668,1
DA:669,1
DA:671,4
FNF:25
FNH:25
LF:172
LH:158
BRF:35
BRH:13
end_of_record
TN:
SF:contracts/GatewaySend.sol
DA:51,7
FN:51,GatewaySend.onlyGateway
FNDA:7,GatewaySend.onlyGateway
DA:52,7
BRDA:52,0,0,-
DA:57,86
FN:57,GatewaySend.constructor
FNDA:86,GatewaySend.constructor
DA:58,0
DA:66,82
FN:66,GatewaySend.initialize
FNDA:82,GatewaySend.initialize
DA:72,82
DA:73,0
DA:74,82
DA:75,82
DA:76,82
DA:77,82
DA:80,1
FN:80,GatewaySend.setOwner
FNDA:1,GatewaySend.setOwner
DA:81,1
DA:84,1
FN:84,GatewaySend.setDODORouteProxy
FNDA:1,GatewaySend.setDODORouteProxy
DA:85,1
DA:86,1
DA:89,1
FN:89,GatewaySend.setGateway
FNDA:1,GatewaySend.setGateway
DA:90,1
DA:91,1
DA:94,1
FN:94,GatewaySend.setGasLimit
FNDA:1,GatewaySend.setGasLimit
DA:95,1
DA:98,8
FN:98,GatewaySend._authorizeUpgrade
FNDA:8,GatewaySend._authorizeUpgrade
DA:100,20
FN:100,GatewaySend.concatBytes
FNDA:20,GatewaySend.concatBytes
DA:101,20
DA:102,20
DA:103,20
DA:104,640
DA:106,20
DA:107,8128
DA:109,0
DA:112,17
FN:112,GatewaySend._calcExternalId
FNDA:17,GatewaySend._calcExternalId
DA:113,17
DA:116,10
FN:116,GatewaySend.depositAndCall
FNDA:10,GatewaySend.depositAndCall
DA:125,10
DA:126,10
DA:128,10
DA:129,10
DA:130,1
BRDA:130,1,0,1
BRDA:130,1,1,-
DA:131,1
BRDA:131,2,0,-
BRDA:131,2,1,-
DA:132,0
DA:134,9
BRDA:134,3,0,8
BRDA:134,3,1,-
DA:135,8
DA:139,1
DA:140,8
BRDA:140,4,0,1
DA:141,1
DA:143,7
DA:145,7
DA:146,7
DA:147,1
BRDA:147,5,0,1
BRDA:147,5,1,-
DA:148,1
DA:160,6
DA:161,6
DA:175,1
DA:187,7
FN:187,GatewaySend.depositAndCall
FNDA:7,GatewaySend.depositAndCall
DA:194,7
DA:195,7
DA:197,7
DA:198,7
DA:199,2
BRDA:199,6,0,2
BRDA:199,6,1,-
DA:200,2
BRDA:200,7,0,-
BRDA:200,7,1,-
DA:201,1
DA:213,5
BRDA:213,8,0,4
BRDA:213,8,1,-
DA:214,4
DA:215,4
DA:229,1
DA:241,7
FN:241,GatewaySend.onCall
FNDA:7,GatewaySend.onCall
DA:245,7
DA:249,7
DA:254,7
DA:255,7
DA:256,1
BRDA:256,9,0,1
BRDA:256,9,1,-
DA:257,1
DA:259,6
DA:260,6
DA:264,1
DA:265,7
BRDA:265,10,0,1
DA:266,1
DA:268,6
DA:270,6
DA:271,1
BRDA:271,11,0,1
BRDA:271,11,1,-
DA:272,1
DA:274,5
DA:277,1
DA:287,6
DA:295,1
FN:295,GatewaySend.onRevert
FNDA:1,GatewaySend.onRevert
DA:296,1
DA:297,1
DA:298,1
DA:300,1
FNF:14
FNH:14
LF:89
LH:85
BRF:21
BRH:9
end_of_record
TN:
SF:contracts/GatewayTransferNative.sol
DA:100,1
FN:100,GatewayTransferNative.onlyGateway
FNDA:1,GatewayTransferNative.onlyGateway
DA:101,1
BRDA:101,0,0,-
DA:106,45
FN:106,GatewayTransferNative.constructor
FNDA:45,GatewayTransferNative.constructor
DA:107,0
DA:117,41
FN:117,GatewayTransferNative.initialize
FNDA:41,GatewayTransferNative.initialize
DA:126,41
DA:127,0
DA:128,41
DA:129,41
DA:130,41
DA:131,41
DA:132,41
DA:133,41
DA:134,41
DA:137,1
FN:137,GatewayTransferNative.setOwner
FNDA:1,GatewayTransferNative.setOwner
DA:138,1
DA:141,1
FN:141,GatewayTransferNative.setDODORouteProxy
FNDA:1,GatewayTransferNative.setDODORouteProxy
DA:142,1
DA:143,1
DA:146,1
FN:146,GatewayTransferNative.setDODOApprove
FNDA:1,GatewayTransferNative.setDODOApprove
DA:147,1
DA:148,1
DA:151,1
FN:151,GatewayTransferNative.setFeePercent
FNDA:1,GatewayTransferNative.setFeePercent
DA:152,1
DA:153,1
DA:156,1
FN:156,GatewayTransferNative.setGasLimit
FNDA:1,GatewayTransferNative.setGasLimit
DA:157,1
DA:160,1
FN:160,GatewayTransferNative.setGateway
FNDA:1,GatewayTransferNative.setGateway
DA:161,1
DA:162,1
DA:165,1
FN:165,GatewayTransferNative.setEddyTreasurySafe
FNDA:1,GatewayTransferNative.setEddyTreasurySafe
DA:166,1
DA:167,1
DA:170,4
FN:170,GatewayTransferNative._authorizeUpgrade
FNDA:4,GatewayTransferNative._authorizeUpgrade
DA:172,12
FN:172,GatewayTransferNative._calcExternalId
FNDA:12,GatewayTransferNative._calcExternalId
DA:173,12
DA:179,8
FN:179,GatewayTransferNative.sortTokens
FNDA:8,GatewayTransferNative.sortTokens
DA:183,8
BRDA:183,1,0,-
DA:184,8
DA:187,8
BRDA:187,2,0,-
DA:190,8
FN:190,GatewayTransferNative.uniswapv2PairFor
FNDA:8,GatewayTransferNative.uniswapv2PairFor
DA:195,8
DA:196,8
DA:212,8
FN:212,GatewayTransferNative._existsPairPool
FNDA:8,GatewayTransferNative._existsPairPool
DA:217,8
DA:222,8
DA:223,8
DA:224,8
DA:227,8
FN:227,GatewayTransferNative.getPathForTokens
FNDA:8,GatewayTransferNative.getPathForTokens
DA:231,8
DA:237,8
BRDA:237,3,0,8
BRDA:237,3,1,-
DA:238,8
DA:239,8
DA:240,8
DA:242,0
DA:243,0
DA:244,0
DA:245,0
DA:249,8
FN:249,GatewayTransferNative.decodeNativeMessage
FNDA:8,GatewayTransferNative.decodeNativeMessage
DA:253,8
DA:254,8
DA:255,8
DA:256,8
DA:263,12
FN:263,GatewayTransferNative.decodeMessage
FNDA:12,GatewayTransferNative.decodeMessage
DA:264,12
DA:265,12
DA:266,12
DA:267,12
DA:268,12
DA:269,12
DA:272,0
DA:273,0
DA:274,0
DA:275,0
DA:276,0
DA:277,0
DA:280,12
DA:281,12
DA:282,12
DA:283,12
DA:284,12
DA:285,12
DA:286,12
DA:287,12
DA:289,12
DA:299,2
FN:299,GatewayTransferNative.withdrawAndCall
FNDA:2,GatewayTransferNative.withdrawAndCall
DA:307,2
DA:308,2
DA:333,7
FN:333,GatewayTransferNative.withdraw
FNDA:7,GatewayTransferNative.withdraw
DA:339,7
DA:353,4
FN:353,GatewayTransferNative._swapAndSendERC20Tokens
FNDA:4,GatewayTransferNative._swapAndSendERC20Tokens
DA:364,4
DA:370,4
DA:371,4
DA:374,4
DA:383,1
BRDA:383,4,0,1
BRDA:383,4,1,-
DA:384,1
BRDA:384,5,0,-
BRDA:384,5,1,-
DA:386,1
DA:387,1
DA:389,1
BRDA:389,6,0,1
BRDA:389,6,1,-
DA:390,1
DA:397,0
DA:407,1
DA:410,3
FN:410,GatewayTransferNative._handleBTCCase
FNDA:3,GatewayTransferNative._handleBTCCase
DA:418,3
DA:420,3
DA:421,3
BRDA:421,7,0,2
BRDA:421,7,1,-
DA:422,2
DA:424,1
DA:425,1
DA:426,1
BRDA:426,8,0,-
DA:427,0
DA:429,1
DA:432,3
DA:433,3
BRDA:433,9,0,-
DA:434,3
DA:435,3
DA:442,3
DA:454,4
FN:454,GatewayTransferNative._handleSolanaCase
FNDA:4,GatewayTransferNative._handleSolanaCase
DA:462,4
DA:465,4
DA:466,4
BRDA:466,10,0,3
BRDA:466,10,1,-
DA:467,3
DA:469,1
DA:470,1
DA:471,1
BRDA:471,11,0,-
DA:472,0
DA:474,1
DA:476,4
DA:478,4
DA:479,4
BRDA:479,12,0,3
BRDA:479,12,1,-
DA:480,3
BRDA:480,13,0,-
DA:481,3
DA:482,3
DA:484,3
BRDA:484,14,0,2
BRDA:484,14,1,1
DA:485,2
DA:492,1
DA:503,1
DA:515,3
DA:527,20
FN:527,GatewayTransferNative._handleFeeTransfer
FNDA:20,GatewayTransferNative._handleFeeTransfer
DA:531,20
DA:532,20
DA:543,8
FN:543,GatewayTransferNative.onCall
FNDA:8,GatewayTransferNative.onCall
DA:551,8
DA:552,8
DA:553,8
DA:556,8
DA:558,8
BRDA:558,15,0,2
BRDA:558,15,1,-
DA:560,2
DA:566,2
DA:578,6
DA:579,6
DA:582,6
BRDA:582,16,0,-
DA:583,0
DA:585,6
DA:587,6
BRDA:587,17,0,1
BRDA:587,17,1,-
DA:589,1
DA:591,1
DA:593,5
DA:600,1
DA:613,13
FN:613,GatewayTransferNative.withdrawToNativeChain
FNDA:13,GatewayTransferNative.withdrawToNativeChain
DA:618,13
BRDA:618,18,0,12
BRDA:618,18,1,-
DA:620,12
DA:621,12
DA:624,12
DA:627,12
DA:632,12
DA:633,12
DA:635,12
DA:639,10
BRDA:639,19,0,3
BRDA:639,19,1,-
DA:641,3
DA:649,9
BRDA:649,20,0,4
BRDA:649,20,1,-
DA:651,4
DA:662,5
DA:663,5
BRDA:663,21,0,3
BRDA:663,21,1,-
DA:664,3
DA:666,2
DA:667,2
DA:668,2
BRDA:668,22,0,-
DA:669,0
DA:671,2
DA:674,5
BRDA:674,23,0,2
BRDA:674,23,1,-
DA:675,2
BRDA:675,24,0,-
DA:676,2
DA:678,2
BRDA:678,25,0,1
BRDA:678,25,1,1
DA:680,1
DA:688,1
DA:697,2
DA:708,3
DA:718,3
DA:737,1
FN:737,GatewayTransferNative.onRevert
FNDA:1,GatewayTransferNative.onRevert
DA:738,1
DA:739,1
DA:740,1
DA:742,1
DA:750,1
FN:750,GatewayTransferNative.onAbort
FNDA:1,GatewayTransferNative.onAbort
DA:751,1
DA:752,1
DA:754,1
DA:761,1
DA:763,1
DA:771,4
FN:771,GatewayTransferNative.claimRefund
FNDA:4,GatewayTransferNative.claimRefund
DA:772,4
DA:773,4
BRDA:773,26,0,-
BRDA:773,26,1,-
DA:774,2
BRDA:774,27,0,-
BRDA:774,27,1,-
DA:775,2
BRDA:775,28,0,-
BRDA:775,28,1,-
DA:777,1
DA:778,1
DA:780,4
FNF:29
FNH:29
LF:209
LH:192
BRF:48
BRH:17
end_of_record
TN:
SF:contracts/libraries/BytesHelperLib.sol
DA:6,16
FN:6,BytesHelperLib.bytesToAddress
FNDA:16,BytesHelperLib.bytesToAddress
DA:10,16
DA:12,0
DA:16,0
FN:16,BytesHelperLib.bytesToUint32
FNDA:0,BytesHelperLib.bytesToUint32
DA:20,0
DA:22,0
DA:26,0
FN:26,BytesHelperLib.addressToBytes
FNDA:0,BytesHelperLib.addressToBytes
DA:29,0
DA:32,0
FN:32,BytesHelperLib.bytesToBool
FNDA:0,BytesHelperLib.bytesToBool
DA:36,0
BRDA:36,0,0,-
DA:37,0
DA:39,0
FNF:4
FNH:1
LF:12
LH:2
BRF:1
BRH:0
end_of_record
TN:
SF:contracts/libraries/SafeMath.sol
DA:6,8
FN:6,SafeMath.add
FNDA:8,SafeMath.add
DA:7,8
BRDA:7,0,0,-
BRDA:7,0,1,-
DA:10,8
FN:10,SafeMath.sub
FNDA:8,SafeMath.sub
DA:11,8
BRDA:11,1,0,-
BRDA:11,1,1,-
DA:14,24
FN:14,SafeMath.mul
FNDA:24,SafeMath.mul
DA:15,24
BRDA:15,2,0,24
BRDA:15,2,1,24
FNF:3
FNH:3
LF:6
LH:6
BRF:6
BRH:2
end_of_record
TN:
SF:contracts/libraries/SwapHelperLib.sol
DA:21,0
FN:21,SwapHelperLib.sortTokens
FNDA:0,SwapHelperLib.sortTokens
DA:25,0
BRDA:25,0,0,-
DA:26,0
DA:29,0
BRDA:29,1,0,-
DA:33,0
FN:33,SwapHelperLib.uniswapv2PairFor
FNDA:0,SwapHelperLib.uniswapv2PairFor
DA:38,0
DA:39,0
DA:55,0
FN:55,SwapHelperLib._doWithdrawal
FNDA:0,SwapHelperLib._doWithdrawal
DA:60,0
DA:63,0
BRDA:63,2,0,-
DA:64,0
BRDA:64,3,0,-
DA:66,0
DA:67,0
DA:73,0
FN:73,SwapHelperLib._existsPairPool
FNDA:0,SwapHelperLib._existsPairPool
DA:78,0
DA:83,0
DA:84,0
DA:85,0
DA:88,0
FN:88,SwapHelperLib._doSwap
FNDA:0,SwapHelperLib._doSwap
DA:97,0
DA:103,0
DA:104,0
BRDA:104,4,0,-
BRDA:104,4,1,-
DA:105,0
DA:106,0
DA:107,0
DA:109,0
DA:110,0
DA:111,0
DA:112,0
DA:115,0
DA:116,0
DA:124,0
DA:127,0
FN:127,SwapHelperLib._doSwapV3
FNDA:0,SwapHelperLib._doSwapV3
DA:137,0
DA:138,0
DA:140,0
BRDA:140,5,0,-
BRDA:140,5,1,-
DA:142,0
DA:143,0
DA:152,0
DA:160,0
FNF:6
FNH:0
LF:40
LH:0
BRF:8
BRH:0
end_of_record
TN:
SF:contracts/libraries/TransferHelper.sol
DA:6,0
FN:6,TransferHelper.safeApprove
FNDA:0,TransferHelper.safeApprove
DA:8,0
DA:9,0
BRDA:9,0,0,-
BRDA:9,0,1,-
DA:12,43
FN:12,TransferHelper.safeTransfer
FNDA:43,TransferHelper.safeTransfer
DA:14,43
DA:15,43
BRDA:15,1,0,43
BRDA:15,1,1,43
DA:18,0
FN:18,TransferHelper.safeTransferFrom
FNDA:0,TransferHelper.safeTransferFrom
DA:20,0
DA:21,0
BRDA:21,2,0,-
BRDA:21,2,1,-
DA:24,0
FN:24,TransferHelper.safeTransferETH
FNDA:0,TransferHelper.safeTransferETH
DA:25,0
DA:26,0
BRDA:26,3,0,-
BRDA:26,3,1,-
FNF:4
FNH:1
LF:12
LH:3
BRF:8
BRH:2
end_of_record
TN:
SF:contracts/libraries/UniswapV2Library.sol
DA:12,16
FN:12,UniswapV2Library.sortTokens
FNDA:16,UniswapV2Library.sortTokens
DA:13,16
BRDA:13,0,0,-
BRDA:13,0,1,-
DA:14,16
DA:15,16
BRDA:15,1,0,-
BRDA:15,1,1,-
DA:19,8
FN:19,UniswapV2Library.pairFor
FNDA:8,UniswapV2Library.pairFor
DA:24,8
DA:25,8
DA:42,8
FN:42,UniswapV2Library.getReserves
FNDA:8,UniswapV2Library.getReserves
DA:43,8
DA:44,8
DA:45,8
DA:49,0
FN:49,UniswapV2Library.quote
FNDA:0,UniswapV2Library.quote
DA:50,0
BRDA:50,2,0,-
BRDA:50,2,1,-
DA:51,0
BRDA:51,3,0,-
BRDA:51,3,1,-
DA:52,0
DA:56,0
FN:56,UniswapV2Library.getAmountOut
FNDA:0,UniswapV2Library.getAmountOut
DA:57,0
BRDA:57,4,0,-
BRDA:57,4,1,-
DA:58,0
BRDA:58,5,0,-
BRDA:58,5,1,-
DA:59,0
DA:60,0
DA:61,0
DA:62,0
DA:66,8
FN:66,UniswapV2Library.getAmountIn
FNDA:8,UniswapV2Library.getAmountIn
DA:67,8
BRDA:67,6,0,-
BRDA:67,6,1,-
DA:68,8
BRDA:68,7,0,8
BRDA:68,7,1,8
DA:69,8
DA:70,8
DA:71,8
DA:75,0
FN:75,UniswapV2Library.getAmountsOut
FNDA:0,UniswapV2Library.getAmountsOut
DA:76,0
BRDA:76,8,0,-
BRDA:76,8,1,-
DA:77,0
DA:78,0
DA:79,0
DA:80,0
DA:81,0
DA:86,8
FN:86,UniswapV2Library.getAmountsIn
FNDA:8,UniswapV2Library.getAmountsIn
DA:87,8
BRDA:87,9,0,-
BRDA:87,9,1,-
DA:88,8
DA:89,8
DA:90,8
DA:91,8
DA:92,8
FNF:8
FNH:5
LF:42
LH:24
BRF:20
BRH:2
end_of_record
TN:
SF:contracts/mocks/GatewayEVMMock.sol
DA:21,82
FN:21,GatewayEVMMock.setGatewayZEVM
FNDA:82,GatewayEVMMock.setGatewayZEVM
DA:22,82
DA:25,82
FN:25,GatewayEVMMock.setDODORouteProxy
FNDA:82,GatewayEVMMock.setDODORouteProxy
DA:26,82
DA:29,328
FN:29,GatewayEVMMock.setZRC20
FNDA:328,GatewayEVMMock.setZRC20
DA:30,328
DA:31,328
DA:34,82
FN:34,GatewayEVMMock.setEVMAddress
FNDA:82,GatewayEVMMock.setEVMAddress
DA:35,82
DA:38,0
FN:38,GatewayEVMMock.setChainId
FNDA:0,GatewayEVMMock.setChainId
DA:39,0
DA:42,10
FN:42,GatewayEVMMock.depositAndCall
FNDA:10,GatewayEVMMock.depositAndCall
DA:49,10
DA:50,10
DA:59,2
FN:59,GatewayEVMMock.depositAndCall
FNDA:2,GatewayEVMMock.depositAndCall
DA:64,2
DA:74,10
FN:74,GatewayEVMMock.withdraw
FNDA:10,GatewayEVMMock.withdraw
DA:80,10
DA:81,10
BRDA:81,0,0,4
BRDA:81,0,1,-
DA:82,4
DA:84,6
DA:85,6
DA:89,6
FN:89,GatewayEVMMock.withdrawAndCall
FNDA:6,GatewayEVMMock.withdrawAndCall
DA:97,6
DA:98,6
BRDA:98,1,0,4
BRDA:98,1,1,-
DA:99,4
DA:100,4
DA:101,4
DA:108,2
FNF:9
FNH:8
LF:29
LH:27
BRF:4
BRH:2
end_of_record
TN:
SF:contracts/mocks/GatewayZEVMMock.sol
DA:14,41
FN:14,GatewayZEVMMock.setGatewayEVM
FNDA:41,GatewayZEVMMock.setGatewayEVM
DA:15,41
DA:18,12
FN:18,GatewayZEVMMock.depositAndCall
FNDA:12,GatewayZEVMMock.depositAndCall
DA:25,12
DA:26,12
DA:38,11
FN:38,GatewayZEVMMock.withdraw
FNDA:11,GatewayZEVMMock.withdraw
DA:44,11
DA:49,10
DA:57,6
FN:57,GatewayZEVMMock.withdrawAndCall
FNDA:6,GatewayZEVMMock.withdrawAndCall
DA:65,6
DA:70,6
FNF:4
FNH:4
LF:11
LH:11
BRF:0
BRH:0
end_of_record
